Using pre-set license
Built from '2020.2/china_unity/release' branch; Version is '2020.2.3f1c1 (0868e01cc8b5) revision 551136'; Using compiler version '192528614'; Build Type 'Release'
OS: 'Windows 10 Education; OS build 18363.1379; Version 1909; 64bit' Language: 'zh' Physical Memory: 16298 MB
BatchMode: 1, IsHumanControllingUs: 0, StartBugReporterOnCrash: 0, Is64bit: 1, IsPro: 0

 COMMAND LINE ARGUMENTS:
F:\Unity\Unity\2020.2.3f1c1\Editor\Unity.exe
-adb2
-batchMode
-noUpm
-name
AssetImportWorker0
-projectPath
F:/Unity/UnityProject/Inn/IL
-logFile
Logs/AssetImportWorker0.log
-srvPort
51386
Successfully changed project path to: F:/Unity/UnityProject/Inn/IL
F:/Unity/UnityProject/Inn/IL
Using Asset Import Pipeline V2.
Refreshing native plugins compatible for Editor in 90.23 ms, found 5 plugins.
Preloading 0 native plugins for Editor in 0.00 ms.
Initialize engine version: 2020.2.3f1c1 (0868e01cc8b5)
[Subsystems] Discovering subsystems at path F:/Unity/Unity/2020.2.3f1c1/Editor/Data/Resources/UnitySubsystems
[Subsystems] Discovering subsystems at path F:/Unity/UnityProject/Inn/IL/Assets
GfxDevice: creating device client; threaded=0
Direct3D:
    Version:  Direct3D 11.0 [level 11.1]
    Renderer: NVIDIA GeForce RTX 3070 (ID=0x2484)
    Vendor:   
    VRAM:     8043 MB
    Driver:   27.21.14.6109
Shader 'Universal Render Pipeline/Particles/Lit': fallback shader 'Universal Render Pipeline/Particles/SimpleLit' not found
Initialize mono
Mono path[0] = 'F:/Unity/Unity/2020.2.3f1c1/Editor/Data/Managed'
Mono path[1] = 'F:/Unity/Unity/2020.2.3f1c1/Editor/Data/MonoBleedingEdge/lib/mono/unityjit'
Mono config path = 'F:/Unity/Unity/2020.2.3f1c1/Editor/Data/MonoBleedingEdge/etc'
Using monoOptions --debugger-agent=transport=dt_socket,embedding=1,server=y,suspend=n,address=127.0.0.1:56140
Begin MonoManager ReloadAssembly
Registering precompiled unity dll's ...
Register platform support module: F:/Unity/Unity/2020.2.3f1c1/Editor/Data/PlaybackEngines/WindowsStandaloneSupport/UnityEditor.WindowsStandalone.Extensions.dll
Registered in 0.001595 seconds.
Native extension for WindowsStandalone target not found
Refreshing native plugins compatible for Editor in 81.14 ms, found 5 plugins.
Preloading 0 native plugins for Editor in 0.00 ms.
Invoked RoslynAnalysisRunner static constructor.
RoslynAnalysisRunner will not be running.
RoslynAnalysisRunner has terminated.
Mono: successfully reloaded assembly
- Completed reload, in  0.689 seconds
Platform modules already initialized, skipping
Registering precompiled user dll's ...
Registered in 0.005254 seconds.
Begin MonoManager ReloadAssembly
Native extension for WindowsStandalone target not found
Refreshing native plugins compatible for Editor in 93.30 ms, found 5 plugins.
Preloading 0 native plugins for Editor in 0.00 ms.
Invoked RoslynAnalysisRunner static constructor.
RoslynAnalysisRunner will not be running.
RoslynAnalysisRunner has terminated.
Mono: successfully reloaded assembly
- Completed reload, in  0.949 seconds
Platform modules already initialized, skipping
========================================================================
Worker process is ready to serve import requests
Shader 'Universal Render Pipeline/Particles/Lit': fallback shader 'Universal Render Pipeline/Particles/SimpleLit' not found
Launched and connected shader compiler UnityShaderCompiler.exe after 0.03 seconds
Refreshing native plugins compatible for Editor in 1.14 ms, found 5 plugins.
Preloading 0 native plugins for Editor in 0.00 ms.
Unloading 4376 Unused Serialized files (Serialized files now loaded: 0)
System memory in use before: 181.7 MB.
System memory in use after: 181.9 MB.

Unloading 56 unused Assets to reduce memory usage. Loaded Objects now: 4795.
Total: 2.359000 ms (FindLiveObjects: 0.402700 ms CreateObjectMapping: 0.207800 ms MarkObjects: 1.703800 ms  DeleteObjects: 0.044100 ms)

========================================================================
Received Import Request.
  path: Assets/Prefabs/UI/Main
  artifactKey: Guid(7a781eeeb89cadf4ebece5749880c9a9) Importer(815301076,1909f56bfc062723c751e8b465ee728b)
Start importing Assets/Prefabs/UI/Main using Guid(7a781eeeb89cadf4ebece5749880c9a9) Importer(815301076,1909f56bfc062723c751e8b465ee728b)  -> (artifact id: 'adb5c6c4b573244e9677979443ec2806') in 0.006354 seconds
  Import took 0.013014 seconds .

========================================================================
Received Import Request.
  Time since last request: 9.992214 seconds.
  path: Assets/Scrpit/Anim/UI/AnimForMainStartTitle.cs
  artifactKey: Guid(0479eee31fa9d0349bd54f993fb2813b) Importer(815301076,1909f56bfc062723c751e8b465ee728b)
Start importing Assets/Scrpit/Anim/UI/AnimForMainStartTitle.cs using Guid(0479eee31fa9d0349bd54f993fb2813b) Importer(815301076,1909f56bfc062723c751e8b465ee728b)  -> (artifact id: '34c7ec2f7ee565018b9e099e8c69b98f') in 0.013806 seconds
  Import took 0.020345 seconds .

========================================================================
Received Prepare
Registering precompiled user dll's ...
Registered in 0.005421 seconds.
Begin MonoManager ReloadAssembly
Native extension for WindowsStandalone target not found
Refreshing native plugins compatible for Editor in 1.62 ms, found 5 plugins.
Preloading 0 native plugins for Editor in 0.00 ms.
Invoked RoslynAnalysisRunner static constructor.
RoslynAnalysisRunner will not be running.
RoslynAnalysisRunner has terminated.
Mono: successfully reloaded assembly
- Completed reload, in  0.822 seconds
Platform modules already initialized, skipping
Shader 'Universal Render Pipeline/Particles/Lit': fallback shader 'Universal Render Pipeline/Particles/SimpleLit' not found
Refreshing native plugins compatible for Editor in 1.14 ms, found 5 plugins.
Preloading 0 native plugins for Editor in 0.00 ms.
Unloading 4212 Unused Serialized files (Serialized files now loaded: 0)
System memory in use before: 171.6 MB.
System memory in use after: 171.9 MB.

Unloading 45 unused Assets to reduce memory usage. Loaded Objects now: 4798.
Total: 2.750800 ms (FindLiveObjects: 0.593800 ms CreateObjectMapping: 0.220800 ms MarkObjects: 1.912400 ms  DeleteObjects: 0.022700 ms)

========================================================================
Received Prepare
Registering precompiled user dll's ...
Registered in 0.005485 seconds.
Begin MonoManager ReloadAssembly
Native extension for WindowsStandalone target not found
Refreshing native plugins compatible for Editor in 1.15 ms, found 5 plugins.
Preloading 0 native plugins for Editor in 0.00 ms.
Invoked RoslynAnalysisRunner static constructor.
RoslynAnalysisRunner will not be running.
RoslynAnalysisRunner has terminated.
Mono: successfully reloaded assembly
- Completed reload, in  0.799 seconds
Platform modules already initialized, skipping
Shader 'Universal Render Pipeline/Particles/Lit': fallback shader 'Universal Render Pipeline/Particles/SimpleLit' not found
Refreshing native plugins compatible for Editor in 1.15 ms, found 5 plugins.
Preloading 0 native plugins for Editor in 0.00 ms.
Unloading 4212 Unused Serialized files (Serialized files now loaded: 0)
System memory in use before: 171.0 MB.
System memory in use after: 171.3 MB.

Unloading 45 unused Assets to reduce memory usage. Loaded Objects now: 4801.
Total: 2.752000 ms (FindLiveObjects: 0.452500 ms CreateObjectMapping: 0.251600 ms MarkObjects: 2.021900 ms  DeleteObjects: 0.025200 ms)

========================================================================
Received Prepare
Registering precompiled user dll's ...
Registered in 0.005433 seconds.
Begin MonoManager ReloadAssembly
Native extension for WindowsStandalone target not found
Refreshing native plugins compatible for Editor in 1.13 ms, found 5 plugins.
Preloading 0 native plugins for Editor in 0.00 ms.
Invoked RoslynAnalysisRunner static constructor.
RoslynAnalysisRunner will not be running.
RoslynAnalysisRunner has terminated.
Mono: successfully reloaded assembly
- Completed reload, in  0.794 seconds
Platform modules already initialized, skipping
Shader 'Universal Render Pipeline/Particles/Lit': fallback shader 'Universal Render Pipeline/Particles/SimpleLit' not found
Refreshing native plugins compatible for Editor in 1.15 ms, found 5 plugins.
Preloading 0 native plugins for Editor in 0.00 ms.
Unloading 4212 Unused Serialized files (Serialized files now loaded: 0)
System memory in use before: 171.7 MB.
System memory in use after: 172.0 MB.

Unloading 45 unused Assets to reduce memory usage. Loaded Objects now: 4804.
Total: 2.562000 ms (FindLiveObjects: 0.485500 ms CreateObjectMapping: 0.245700 ms MarkObjects: 1.786700 ms  DeleteObjects: 0.043300 ms)

========================================================================
Received Prepare
Registering precompiled user dll's ...
Registered in 0.007859 seconds.
Begin MonoManager ReloadAssembly
Native extension for WindowsStandalone target not found
Refreshing native plugins compatible for Editor in 1.40 ms, found 5 plugins.
Preloading 0 native plugins for Editor in 0.00 ms.
Invoked RoslynAnalysisRunner static constructor.
RoslynAnalysisRunner will not be running.
RoslynAnalysisRunner has terminated.
Mono: successfully reloaded assembly
- Completed reload, in  1.131 seconds
Platform modules already initialized, skipping
Shader 'Universal Render Pipeline/Particles/Lit': fallback shader 'Universal Render Pipeline/Particles/SimpleLit' not found
Refreshing native plugins compatible for Editor in 1.89 ms, found 5 plugins.
Preloading 0 native plugins for Editor in 0.00 ms.
Unloading 4212 Unused Serialized files (Serialized files now loaded: 0)
System memory in use before: 171.8 MB.
System memory in use after: 172.0 MB.

Unloading 45 unused Assets to reduce memory usage. Loaded Objects now: 4807.
Total: 3.187200 ms (FindLiveObjects: 0.525700 ms CreateObjectMapping: 0.306500 ms MarkObjects: 2.325300 ms  DeleteObjects: 0.027900 ms)

========================================================================
Received Prepare
Registering precompiled user dll's ...
Registered in 0.006218 seconds.
Begin MonoManager ReloadAssembly
Native extension for WindowsStandalone target not found
Refreshing native plugins compatible for Editor in 1.24 ms, found 5 plugins.
Preloading 0 native plugins for Editor in 0.00 ms.
Invoked RoslynAnalysisRunner static constructor.
RoslynAnalysisRunner will not be running.
RoslynAnalysisRunner has terminated.
Mono: successfully reloaded assembly
- Completed reload, in  0.984 seconds
Platform modules already initialized, skipping
Shader 'Universal Render Pipeline/Particles/Lit': fallback shader 'Universal Render Pipeline/Particles/SimpleLit' not found
Refreshing native plugins compatible for Editor in 1.23 ms, found 5 plugins.
Preloading 0 native plugins for Editor in 0.00 ms.
Unloading 4212 Unused Serialized files (Serialized files now loaded: 0)
System memory in use before: 171.8 MB.
System memory in use after: 172.0 MB.

Unloading 45 unused Assets to reduce memory usage. Loaded Objects now: 4810.
Total: 2.839700 ms (FindLiveObjects: 0.478800 ms CreateObjectMapping: 0.278400 ms MarkObjects: 2.059000 ms  DeleteObjects: 0.022700 ms)

========================================================================
Received Prepare
Registering precompiled user dll's ...
Registered in 0.005337 seconds.
Begin MonoManager ReloadAssembly
Native extension for WindowsStandalone target not found
Refreshing native plugins compatible for Editor in 1.47 ms, found 5 plugins.
Preloading 0 native plugins for Editor in 0.00 ms.
Invoked RoslynAnalysisRunner static constructor.
RoslynAnalysisRunner will not be running.
RoslynAnalysisRunner has terminated.
Mono: successfully reloaded assembly
- Completed reload, in  0.916 seconds
Platform modules already initialized, skipping
Shader 'Universal Render Pipeline/Particles/Lit': fallback shader 'Universal Render Pipeline/Particles/SimpleLit' not found
Refreshing native plugins compatible for Editor in 1.79 ms, found 5 plugins.
Preloading 0 native plugins for Editor in 0.00 ms.
Unloading 4212 Unused Serialized files (Serialized files now loaded: 0)
System memory in use before: 171.8 MB.
System memory in use after: 172.0 MB.

Unloading 45 unused Assets to reduce memory usage. Loaded Objects now: 4813.
Total: 3.771000 ms (FindLiveObjects: 1.121700 ms CreateObjectMapping: 0.390600 ms MarkObjects: 2.228000 ms  DeleteObjects: 0.028600 ms)

========================================================================
Received Prepare
Registering precompiled user dll's ...
Registered in 0.006760 seconds.
Begin MonoManager ReloadAssembly
Native extension for WindowsStandalone target not found
Refreshing native plugins compatible for Editor in 1.13 ms, found 5 plugins.
Preloading 0 native plugins for Editor in 0.00 ms.
Invoked RoslynAnalysisRunner static constructor.
RoslynAnalysisRunner will not be running.
RoslynAnalysisRunner has terminated.
Mono: successfully reloaded assembly
- Completed reload, in  0.812 seconds
Platform modules already initialized, skipping
Shader 'Universal Render Pipeline/Particles/Lit': fallback shader 'Universal Render Pipeline/Particles/SimpleLit' not found
Refreshing native plugins compatible for Editor in 1.16 ms, found 5 plugins.
Preloading 0 native plugins for Editor in 0.00 ms.
Unloading 4212 Unused Serialized files (Serialized files now loaded: 0)
System memory in use before: 171.8 MB.
System memory in use after: 172.1 MB.

Unloading 45 unused Assets to reduce memory usage. Loaded Objects now: 4816.
Total: 2.633100 ms (FindLiveObjects: 0.517000 ms CreateObjectMapping: 0.242300 ms MarkObjects: 1.848200 ms  DeleteObjects: 0.024400 ms)

========================================================================
Received Prepare
Registering precompiled user dll's ...
Registered in 0.006953 seconds.
Begin MonoManager ReloadAssembly
Native extension for WindowsStandalone target not found
Refreshing native plugins compatible for Editor in 1.40 ms, found 5 plugins.
Preloading 0 native plugins for Editor in 0.00 ms.
Invoked RoslynAnalysisRunner static constructor.
RoslynAnalysisRunner will not be running.
RoslynAnalysisRunner has terminated.
Mono: successfully reloaded assembly
- Completed reload, in  0.961 seconds
Platform modules already initialized, skipping
Shader 'Universal Render Pipeline/Particles/Lit': fallback shader 'Universal Render Pipeline/Particles/SimpleLit' not found
Refreshing native plugins compatible for Editor in 2.01 ms, found 5 plugins.
Preloading 0 native plugins for Editor in 0.00 ms.
Unloading 4212 Unused Serialized files (Serialized files now loaded: 0)
System memory in use before: 171.8 MB.
System memory in use after: 172.1 MB.

Unloading 45 unused Assets to reduce memory usage. Loaded Objects now: 4819.
Total: 3.530300 ms (FindLiveObjects: 0.583500 ms CreateObjectMapping: 0.333900 ms MarkObjects: 2.583800 ms  DeleteObjects: 0.027600 ms)

========================================================================
Received Prepare
Registering precompiled user dll's ...
Registered in 0.007245 seconds.
Begin MonoManager ReloadAssembly
Native extension for WindowsStandalone target not found
Refreshing native plugins compatible for Editor in 1.49 ms, found 5 plugins.
Preloading 0 native plugins for Editor in 0.00 ms.
Invoked RoslynAnalysisRunner static constructor.
RoslynAnalysisRunner will not be running.
RoslynAnalysisRunner has terminated.
Mono: successfully reloaded assembly
- Completed reload, in  0.996 seconds
Platform modules already initialized, skipping
Shader 'Universal Render Pipeline/Particles/Lit': fallback shader 'Universal Render Pipeline/Particles/SimpleLit' not found
Refreshing native plugins compatible for Editor in 1.27 ms, found 5 plugins.
Preloading 0 native plugins for Editor in 0.00 ms.
Unloading 4212 Unused Serialized files (Serialized files now loaded: 0)
System memory in use before: 171.8 MB.
System memory in use after: 172.1 MB.

Unloading 45 unused Assets to reduce memory usage. Loaded Objects now: 4822.
Total: 3.105100 ms (FindLiveObjects: 0.546800 ms CreateObjectMapping: 0.305700 ms MarkObjects: 2.223700 ms  DeleteObjects: 0.028000 ms)

========================================================================
Received Prepare
Registering precompiled user dll's ...
Registered in 0.005389 seconds.
Begin MonoManager ReloadAssembly
Native extension for WindowsStandalone target not found
Refreshing native plugins compatible for Editor in 1.17 ms, found 5 plugins.
Preloading 0 native plugins for Editor in 0.00 ms.
Invoked RoslynAnalysisRunner static constructor.
RoslynAnalysisRunner will not be running.
RoslynAnalysisRunner has terminated.
Mono: successfully reloaded assembly
- Completed reload, in  0.786 seconds
Platform modules already initialized, skipping
Shader 'Universal Render Pipeline/Particles/Lit': fallback shader 'Universal Render Pipeline/Particles/SimpleLit' not found
Refreshing native plugins compatible for Editor in 1.18 ms, found 5 plugins.
Preloading 0 native plugins for Editor in 0.00 ms.
Unloading 4212 Unused Serialized files (Serialized files now loaded: 0)
System memory in use before: 171.8 MB.
System memory in use after: 172.1 MB.

Unloading 45 unused Assets to reduce memory usage. Loaded Objects now: 4825.
Total: 2.749600 ms (FindLiveObjects: 0.433000 ms CreateObjectMapping: 0.256500 ms MarkObjects: 2.037000 ms  DeleteObjects: 0.022400 ms)

========================================================================
Received Prepare
Registering precompiled user dll's ...
Registered in 0.005382 seconds.
Begin MonoManager ReloadAssembly
Native extension for WindowsStandalone target not found
Refreshing native plugins compatible for Editor in 1.15 ms, found 5 plugins.
Preloading 0 native plugins for Editor in 0.00 ms.
Invoked RoslynAnalysisRunner static constructor.
RoslynAnalysisRunner will not be running.
RoslynAnalysisRunner has terminated.
Mono: successfully reloaded assembly
- Completed reload, in  0.787 seconds
Platform modules already initialized, skipping
Shader 'Universal Render Pipeline/Particles/Lit': fallback shader 'Universal Render Pipeline/Particles/SimpleLit' not found
Refreshing native plugins compatible for Editor in 1.29 ms, found 5 plugins.
Preloading 0 native plugins for Editor in 0.00 ms.
Unloading 4212 Unused Serialized files (Serialized files now loaded: 0)
System memory in use before: 171.8 MB.
System memory in use after: 172.1 MB.

Unloading 45 unused Assets to reduce memory usage. Loaded Objects now: 4828.
Total: 3.023900 ms (FindLiveObjects: 0.647900 ms CreateObjectMapping: 0.277900 ms MarkObjects: 2.067400 ms  DeleteObjects: 0.029900 ms)

========================================================================
Received Prepare
Registering precompiled user dll's ...
Registered in 0.006411 seconds.
Begin MonoManager ReloadAssembly
Native extension for WindowsStandalone target not found
Refreshing native plugins compatible for Editor in 1.22 ms, found 5 plugins.
Preloading 0 native plugins for Editor in 0.00 ms.
Invoked RoslynAnalysisRunner static constructor.
RoslynAnalysisRunner will not be running.
RoslynAnalysisRunner has terminated.
Mono: successfully reloaded assembly
- Completed reload, in  0.866 seconds
Platform modules already initialized, skipping
Shader 'Universal Render Pipeline/Particles/Lit': fallback shader 'Universal Render Pipeline/Particles/SimpleLit' not found
Refreshing native plugins compatible for Editor in 1.16 ms, found 5 plugins.
Preloading 0 native plugins for Editor in 0.00 ms.
Unloading 4212 Unused Serialized files (Serialized files now loaded: 0)
System memory in use before: 171.8 MB.
System memory in use after: 172.1 MB.

Unloading 45 unused Assets to reduce memory usage. Loaded Objects now: 4831.
Total: 2.799400 ms (FindLiveObjects: 0.575400 ms CreateObjectMapping: 0.282000 ms MarkObjects: 1.916500 ms  DeleteObjects: 0.024000 ms)

========================================================================
Received Prepare
Registering precompiled user dll's ...
Registered in 0.005397 seconds.
Begin MonoManager ReloadAssembly
Native extension for WindowsStandalone target not found
Refreshing native plugins compatible for Editor in 1.16 ms, found 5 plugins.
Preloading 0 native plugins for Editor in 0.00 ms.
Invoked RoslynAnalysisRunner static constructor.
RoslynAnalysisRunner will not be running.
RoslynAnalysisRunner has terminated.
Mono: successfully reloaded assembly
- Completed reload, in  0.788 seconds
Platform modules already initialized, skipping
Shader 'Universal Render Pipeline/Particles/Lit': fallback shader 'Universal Render Pipeline/Particles/SimpleLit' not found
Refreshing native plugins compatible for Editor in 1.14 ms, found 5 plugins.
Preloading 0 native plugins for Editor in 0.00 ms.
Unloading 4212 Unused Serialized files (Serialized files now loaded: 0)
System memory in use before: 171.8 MB.
System memory in use after: 172.1 MB.

Unloading 45 unused Assets to reduce memory usage. Loaded Objects now: 4834.
Total: 2.604600 ms (FindLiveObjects: 0.440200 ms CreateObjectMapping: 0.234000 ms MarkObjects: 1.906600 ms  DeleteObjects: 0.023000 ms)

========================================================================
Received Prepare
Registering precompiled user dll's ...
Registered in 0.005585 seconds.
Begin MonoManager ReloadAssembly
Native extension for WindowsStandalone target not found
Refreshing native plugins compatible for Editor in 1.24 ms, found 5 plugins.
Preloading 0 native plugins for Editor in 0.00 ms.
Invoked RoslynAnalysisRunner static constructor.
RoslynAnalysisRunner will not be running.
RoslynAnalysisRunner has terminated.
Mono: successfully reloaded assembly
- Completed reload, in  0.807 seconds
Platform modules already initialized, skipping
Shader 'Universal Render Pipeline/Particles/Lit': fallback shader 'Universal Render Pipeline/Particles/SimpleLit' not found
Refreshing native plugins compatible for Editor in 1.18 ms, found 5 plugins.
Preloading 0 native plugins for Editor in 0.00 ms.
Unloading 4212 Unused Serialized files (Serialized files now loaded: 0)
System memory in use before: 171.8 MB.
System memory in use after: 172.1 MB.

Unloading 45 unused Assets to reduce memory usage. Loaded Objects now: 4837.
Total: 3.083600 ms (FindLiveObjects: 0.560000 ms CreateObjectMapping: 0.250200 ms MarkObjects: 2.243100 ms  DeleteObjects: 0.029200 ms)

========================================================================
Received Prepare
Registering precompiled user dll's ...
Registered in 0.006938 seconds.
Begin MonoManager ReloadAssembly
Native extension for WindowsStandalone target not found
Refreshing native plugins compatible for Editor in 1.21 ms, found 5 plugins.
Preloading 0 native plugins for Editor in 0.00 ms.
Invoked RoslynAnalysisRunner static constructor.
RoslynAnalysisRunner will not be running.
RoslynAnalysisRunner has terminated.
Mono: successfully reloaded assembly
- Completed reload, in  0.988 seconds
Platform modules already initialized, skipping
Shader 'Universal Render Pipeline/Particles/Lit': fallback shader 'Universal Render Pipeline/Particles/SimpleLit' not found
Refreshing native plugins compatible for Editor in 1.88 ms, found 5 plugins.
Preloading 0 native plugins for Editor in 0.00 ms.
Unloading 4212 Unused Serialized files (Serialized files now loaded: 0)
System memory in use before: 171.9 MB.
System memory in use after: 172.1 MB.

Unloading 45 unused Assets to reduce memory usage. Loaded Objects now: 4840.
Total: 3.457000 ms (FindLiveObjects: 0.422400 ms CreateObjectMapping: 0.276500 ms MarkObjects: 2.730600 ms  DeleteObjects: 0.026400 ms)

========================================================================
Received Prepare
Registering precompiled user dll's ...
Registered in 0.005892 seconds.
Begin MonoManager ReloadAssembly
Native extension for WindowsStandalone target not found
Refreshing native plugins compatible for Editor in 1.16 ms, found 5 plugins.
Preloading 0 native plugins for Editor in 0.00 ms.
Invoked RoslynAnalysisRunner static constructor.
RoslynAnalysisRunner will not be running.
RoslynAnalysisRunner has terminated.
Mono: successfully reloaded assembly
- Completed reload, in  0.806 seconds
Platform modules already initialized, skipping
Shader 'Universal Render Pipeline/Particles/Lit': fallback shader 'Universal Render Pipeline/Particles/SimpleLit' not found
Refreshing native plugins compatible for Editor in 1.37 ms, found 5 plugins.
Preloading 0 native plugins for Editor in 0.00 ms.
Unloading 4212 Unused Serialized files (Serialized files now loaded: 0)
System memory in use before: 171.9 MB.
System memory in use after: 172.1 MB.

Unloading 45 unused Assets to reduce memory usage. Loaded Objects now: 4843.
Total: 3.102900 ms (FindLiveObjects: 0.611100 ms CreateObjectMapping: 0.384700 ms MarkObjects: 2.080500 ms  DeleteObjects: 0.025500 ms)

========================================================================
Received Prepare
Registering precompiled user dll's ...
Registered in 0.005242 seconds.
Begin MonoManager ReloadAssembly
Native extension for WindowsStandalone target not found
Refreshing native plugins compatible for Editor in 1.31 ms, found 5 plugins.
Preloading 0 native plugins for Editor in 0.00 ms.
Invoked RoslynAnalysisRunner static constructor.
RoslynAnalysisRunner will not be running.
RoslynAnalysisRunner has terminated.
Mono: successfully reloaded assembly
- Completed reload, in  0.784 seconds
Platform modules already initialized, skipping
Shader 'Universal Render Pipeline/Particles/Lit': fallback shader 'Universal Render Pipeline/Particles/SimpleLit' not found
Refreshing native plugins compatible for Editor in 1.35 ms, found 5 plugins.
Preloading 0 native plugins for Editor in 0.00 ms.
Unloading 4212 Unused Serialized files (Serialized files now loaded: 0)
System memory in use before: 171.9 MB.
System memory in use after: 172.1 MB.

Unloading 45 unused Assets to reduce memory usage. Loaded Objects now: 4846.
Total: 2.488900 ms (FindLiveObjects: 0.431000 ms CreateObjectMapping: 0.242900 ms MarkObjects: 1.791900 ms  DeleteObjects: 0.022300 ms)

========================================================================
Received Prepare
Registering precompiled user dll's ...
Registered in 0.005349 seconds.
Begin MonoManager ReloadAssembly
Native extension for WindowsStandalone target not found
Refreshing native plugins compatible for Editor in 1.74 ms, found 5 plugins.
Preloading 0 native plugins for Editor in 0.00 ms.
Invoked RoslynAnalysisRunner static constructor.
RoslynAnalysisRunner will not be running.
RoslynAnalysisRunner has terminated.
Mono: successfully reloaded assembly
- Completed reload, in  1.152 seconds
Platform modules already initialized, skipping
Shader 'Universal Render Pipeline/Particles/Lit': fallback shader 'Universal Render Pipeline/Particles/SimpleLit' not found
Refreshing native plugins compatible for Editor in 1.85 ms, found 5 plugins.
Preloading 0 native plugins for Editor in 0.00 ms.
Unloading 4212 Unused Serialized files (Serialized files now loaded: 0)
System memory in use before: 171.9 MB.
System memory in use after: 172.1 MB.

Unloading 45 unused Assets to reduce memory usage. Loaded Objects now: 4849.
Total: 3.390300 ms (FindLiveObjects: 0.555600 ms CreateObjectMapping: 0.244200 ms MarkObjects: 2.554400 ms  DeleteObjects: 0.034300 ms)

========================================================================
Received Prepare
Registering precompiled user dll's ...
Registered in 0.005332 seconds.
Begin MonoManager ReloadAssembly
Native extension for WindowsStandalone target not found
Refreshing native plugins compatible for Editor in 1.45 ms, found 5 plugins.
Preloading 0 native plugins for Editor in 0.00 ms.
Invoked RoslynAnalysisRunner static constructor.
RoslynAnalysisRunner will not be running.
RoslynAnalysisRunner has terminated.
Mono: successfully reloaded assembly
- Completed reload, in  0.785 seconds
Platform modules already initialized, skipping
Shader 'Universal Render Pipeline/Particles/Lit': fallback shader 'Universal Render Pipeline/Particles/SimpleLit' not found
Refreshing native plugins compatible for Editor in 1.20 ms, found 5 plugins.
Preloading 0 native plugins for Editor in 0.00 ms.
Unloading 4212 Unused Serialized files (Serialized files now loaded: 0)
System memory in use before: 171.2 MB.
System memory in use after: 171.5 MB.

Unloading 45 unused Assets to reduce memory usage. Loaded Objects now: 4852.
Total: 2.710100 ms (FindLiveObjects: 0.478700 ms CreateObjectMapping: 0.249900 ms MarkObjects: 1.936900 ms  DeleteObjects: 0.043700 ms)

========================================================================
Received Prepare
Registering precompiled user dll's ...
Registered in 0.006414 seconds.
Begin MonoManager ReloadAssembly
Native extension for WindowsStandalone target not found
Refreshing native plugins compatible for Editor in 1.22 ms, found 5 plugins.
Preloading 0 native plugins for Editor in 0.00 ms.
Invoked RoslynAnalysisRunner static constructor.
RoslynAnalysisRunner will not be running.
RoslynAnalysisRunner has terminated.
Mono: successfully reloaded assembly
- Completed reload, in  0.816 seconds
Platform modules already initialized, skipping
Shader 'Universal Render Pipeline/Particles/Lit': fallback shader 'Universal Render Pipeline/Particles/SimpleLit' not found
Refreshing native plugins compatible for Editor in 1.15 ms, found 5 plugins.
Preloading 0 native plugins for Editor in 0.00 ms.
Unloading 4212 Unused Serialized files (Serialized files now loaded: 0)
System memory in use before: 171.9 MB.
System memory in use after: 172.1 MB.

Unloading 45 unused Assets to reduce memory usage. Loaded Objects now: 4855.
Total: 2.970300 ms (FindLiveObjects: 0.499600 ms CreateObjectMapping: 0.268900 ms MarkObjects: 2.176500 ms  DeleteObjects: 0.024500 ms)

========================================================================
Received Prepare
Registering precompiled user dll's ...
Registered in 0.005540 seconds.
Begin MonoManager ReloadAssembly
Native extension for WindowsStandalone target not found
Refreshing native plugins compatible for Editor in 1.15 ms, found 5 plugins.
Preloading 0 native plugins for Editor in 0.00 ms.
Invoked RoslynAnalysisRunner static constructor.
RoslynAnalysisRunner will not be running.
RoslynAnalysisRunner has terminated.
Mono: successfully reloaded assembly
- Completed reload, in  0.784 seconds
Platform modules already initialized, skipping
Shader 'Universal Render Pipeline/Particles/Lit': fallback shader 'Universal Render Pipeline/Particles/SimpleLit' not found
Refreshing native plugins compatible for Editor in 1.28 ms, found 5 plugins.
Preloading 0 native plugins for Editor in 0.00 ms.
Unloading 4212 Unused Serialized files (Serialized files now loaded: 0)
System memory in use before: 171.9 MB.
System memory in use after: 172.2 MB.

Unloading 45 unused Assets to reduce memory usage. Loaded Objects now: 4858.
Total: 2.670000 ms (FindLiveObjects: 0.492100 ms CreateObjectMapping: 0.291500 ms MarkObjects: 1.861400 ms  DeleteObjects: 0.023400 ms)

========================================================================
Received Prepare
Registering precompiled user dll's ...
Registered in 0.005975 seconds.
Begin MonoManager ReloadAssembly
Native extension for WindowsStandalone target not found
Refreshing native plugins compatible for Editor in 1.26 ms, found 5 plugins.
Preloading 0 native plugins for Editor in 0.00 ms.
Invoked RoslynAnalysisRunner static constructor.
RoslynAnalysisRunner will not be running.
RoslynAnalysisRunner has terminated.
Mono: successfully reloaded assembly
- Completed reload, in  0.889 seconds
Platform modules already initialized, skipping
Shader 'Universal Render Pipeline/Particles/Lit': fallback shader 'Universal Render Pipeline/Particles/SimpleLit' not found
Refreshing native plugins compatible for Editor in 1.92 ms, found 5 plugins.
Preloading 0 native plugins for Editor in 0.00 ms.
Unloading 4212 Unused Serialized files (Serialized files now loaded: 0)
System memory in use before: 171.9 MB.
System memory in use after: 172.2 MB.

Unloading 45 unused Assets to reduce memory usage. Loaded Objects now: 4861.
Total: 5.523800 ms (FindLiveObjects: 0.857400 ms CreateObjectMapping: 0.552500 ms MarkObjects: 4.031600 ms  DeleteObjects: 0.080200 ms)

========================================================================
Received Prepare
Registering precompiled user dll's ...
Registered in 0.005390 seconds.
Begin MonoManager ReloadAssembly
Native extension for WindowsStandalone target not found
Refreshing native plugins compatible for Editor in 1.13 ms, found 5 plugins.
Preloading 0 native plugins for Editor in 0.00 ms.
Invoked RoslynAnalysisRunner static constructor.
RoslynAnalysisRunner will not be running.
RoslynAnalysisRunner has terminated.
Mono: successfully reloaded assembly
- Completed reload, in  0.815 seconds
Platform modules already initialized, skipping
Shader 'Universal Render Pipeline/Particles/Lit': fallback shader 'Universal Render Pipeline/Particles/SimpleLit' not found
Refreshing native plugins compatible for Editor in 1.16 ms, found 5 plugins.
Preloading 0 native plugins for Editor in 0.00 ms.
Unloading 4212 Unused Serialized files (Serialized files now loaded: 0)
System memory in use before: 171.9 MB.
System memory in use after: 172.2 MB.

Unloading 45 unused Assets to reduce memory usage. Loaded Objects now: 4864.
Total: 2.755300 ms (FindLiveObjects: 0.478300 ms CreateObjectMapping: 0.277400 ms MarkObjects: 1.973900 ms  DeleteObjects: 0.024900 ms)

========================================================================
Received Prepare
Registering precompiled user dll's ...
Registered in 0.005305 seconds.
Begin MonoManager ReloadAssembly
Native extension for WindowsStandalone target not found
Refreshing native plugins compatible for Editor in 1.14 ms, found 5 plugins.
Preloading 0 native plugins for Editor in 0.00 ms.
Invoked RoslynAnalysisRunner static constructor.
RoslynAnalysisRunner will not be running.
RoslynAnalysisRunner has terminated.
Mono: successfully reloaded assembly
- Completed reload, in  0.784 seconds
Platform modules already initialized, skipping
Shader 'Universal Render Pipeline/Particles/Lit': fallback shader 'Universal Render Pipeline/Particles/SimpleLit' not found
Refreshing native plugins compatible for Editor in 1.15 ms, found 5 plugins.
Preloading 0 native plugins for Editor in 0.00 ms.
Unloading 4212 Unused Serialized files (Serialized files now loaded: 0)
System memory in use before: 171.9 MB.
System memory in use after: 172.2 MB.

Unloading 45 unused Assets to reduce memory usage. Loaded Objects now: 4867.
Total: 2.797700 ms (FindLiveObjects: 0.461800 ms CreateObjectMapping: 0.251000 ms MarkObjects: 2.061400 ms  DeleteObjects: 0.022700 ms)

========================================================================
Received Import Request.
  Time since last request: 4162.724474 seconds.
  path: Assets/Prefabs/UI/Game/GameDate.prefab
  artifactKey: Guid(10f377b49c9a6b94fad8d71948677267) Importer(815301076,1909f56bfc062723c751e8b465ee728b)
Start importing Assets/Prefabs/UI/Game/GameDate.prefab using Guid(10f377b49c9a6b94fad8d71948677267) Importer(815301076,1909f56bfc062723c751e8b465ee728b)  -> (artifact id: '01509587f5dd825dbaa0654d308299cf') in 0.052332 seconds
  Import took 0.061331 seconds .

========================================================================
Received Import Request.
  Time since last request: 7.366113 seconds.
  path: Assets/Prefabs/UI/Game/GameDate.prefab
  artifactKey: Guid(10f377b49c9a6b94fad8d71948677267) Importer(815301076,1909f56bfc062723c751e8b465ee728b)
Start importing Assets/Prefabs/UI/Game/GameDate.prefab using Guid(10f377b49c9a6b94fad8d71948677267) Importer(815301076,1909f56bfc062723c751e8b465ee728b)  -> (artifact id: 'fb2e1a34fc57081d552eb74de1a8701c') in 0.011782 seconds
  Import took 0.018964 seconds .

========================================================================
Received Import Request.
  Time since last request: 6.628739 seconds.
  path: Assets/Prefabs/UI/Game/GameDate.prefab
  artifactKey: Guid(10f377b49c9a6b94fad8d71948677267) Importer(815301076,1909f56bfc062723c751e8b465ee728b)
Start importing Assets/Prefabs/UI/Game/GameDate.prefab using Guid(10f377b49c9a6b94fad8d71948677267) Importer(815301076,1909f56bfc062723c751e8b465ee728b)  -> (artifact id: '3041d82c5864a34873326e0f1746abb6') in 0.011716 seconds
  Import took 0.018574 seconds .

========================================================================
Received Import Request.
  Time since last request: 11.089114 seconds.
  path: Assets/Prefabs/UI/Game/GameDate.prefab
  artifactKey: Guid(10f377b49c9a6b94fad8d71948677267) Importer(815301076,1909f56bfc062723c751e8b465ee728b)
Start importing Assets/Prefabs/UI/Game/GameDate.prefab using Guid(10f377b49c9a6b94fad8d71948677267) Importer(815301076,1909f56bfc062723c751e8b465ee728b)  -> (artifact id: '5c987dd814c1087dccbeda5719e05464') in 0.011489 seconds
  Import took 0.018470 seconds .

========================================================================
Received Import Request.
  Time since last request: 3.828475 seconds.
  path: Assets/Prefabs/UI/Game/GameDate.prefab
  artifactKey: Guid(10f377b49c9a6b94fad8d71948677267) Importer(815301076,1909f56bfc062723c751e8b465ee728b)
Start importing Assets/Prefabs/UI/Game/GameDate.prefab using Guid(10f377b49c9a6b94fad8d71948677267) Importer(815301076,1909f56bfc062723c751e8b465ee728b)  -> (artifact id: 'ebc01b2d75fbad40a6bb7afffbf9c817') in 0.013000 seconds
  Import took 0.020297 seconds .

========================================================================
Received Import Request.
  Time since last request: 2.211936 seconds.
  path: Assets/Prefabs/UI/Game/GameDate.prefab
  artifactKey: Guid(10f377b49c9a6b94fad8d71948677267) Importer(815301076,1909f56bfc062723c751e8b465ee728b)
Start importing Assets/Prefabs/UI/Game/GameDate.prefab using Guid(10f377b49c9a6b94fad8d71948677267) Importer(815301076,1909f56bfc062723c751e8b465ee728b)  -> (artifact id: '4138c79d43feac9dc925bd9ef3f0adf1') in 0.012197 seconds
  Import took 0.019467 seconds .

========================================================================
Received Import Request.
  Time since last request: 19.568452 seconds.
  path: Assets/Prefabs/UI/Game/GameDate.prefab
  artifactKey: Guid(10f377b49c9a6b94fad8d71948677267) Importer(815301076,1909f56bfc062723c751e8b465ee728b)
Start importing Assets/Prefabs/UI/Game/GameDate.prefab using Guid(10f377b49c9a6b94fad8d71948677267) Importer(815301076,1909f56bfc062723c751e8b465ee728b)  -> (artifact id: 'ac604ecb3577235f27b35a7d708fad88') in 0.011436 seconds
  Import took 0.018493 seconds .

========================================================================
Received Import Request.
  Time since last request: 6.862769 seconds.
  path: Assets/Prefabs/UI/Game/GameDate.prefab
  artifactKey: Guid(10f377b49c9a6b94fad8d71948677267) Importer(815301076,1909f56bfc062723c751e8b465ee728b)
Start importing Assets/Prefabs/UI/Game/GameDate.prefab using Guid(10f377b49c9a6b94fad8d71948677267) Importer(815301076,1909f56bfc062723c751e8b465ee728b)  -> (artifact id: '7ab777cc5220a9417fbf1ecc743a585d') in 0.011404 seconds
  Import took 0.018616 seconds .

========================================================================
Received Import Request.
  Time since last request: 7.643847 seconds.
  path: Assets/Prefabs/UI/Game/GameDate.prefab
  artifactKey: Guid(10f377b49c9a6b94fad8d71948677267) Importer(815301076,1909f56bfc062723c751e8b465ee728b)
Start importing Assets/Prefabs/UI/Game/GameDate.prefab using Guid(10f377b49c9a6b94fad8d71948677267) Importer(815301076,1909f56bfc062723c751e8b465ee728b)  -> (artifact id: '221f630fdd841d11ec2f7af53723c1fa') in 0.011359 seconds
  Import took 0.018384 seconds .

========================================================================
Received Import Request.
  Time since last request: 4.599291 seconds.
  path: Assets/Prefabs/UI/Game/GameDate.prefab
  artifactKey: Guid(10f377b49c9a6b94fad8d71948677267) Importer(815301076,1909f56bfc062723c751e8b465ee728b)
Start importing Assets/Prefabs/UI/Game/GameDate.prefab using Guid(10f377b49c9a6b94fad8d71948677267) Importer(815301076,1909f56bfc062723c751e8b465ee728b)  -> (artifact id: '11cc02b82500dc7c80b330e3b941f954') in 0.011083 seconds
  Import took 0.019123 seconds .

========================================================================
Received Import Request.
  Time since last request: 8.088074 seconds.
  path: Assets/Prefabs/UI/Game/GameDate.prefab
  artifactKey: Guid(10f377b49c9a6b94fad8d71948677267) Importer(815301076,1909f56bfc062723c751e8b465ee728b)
Start importing Assets/Prefabs/UI/Game/GameDate.prefab using Guid(10f377b49c9a6b94fad8d71948677267) Importer(815301076,1909f56bfc062723c751e8b465ee728b)  -> (artifact id: '8830f25d00d81abd630d8e09a81c4338') in 0.011299 seconds
  Import took 0.018359 seconds .

========================================================================
Received Import Request.
  Time since last request: 7.949711 seconds.
  path: Assets/Prefabs/UI/Game/GameDate.prefab
  artifactKey: Guid(10f377b49c9a6b94fad8d71948677267) Importer(815301076,1909f56bfc062723c751e8b465ee728b)
Start importing Assets/Prefabs/UI/Game/GameDate.prefab using Guid(10f377b49c9a6b94fad8d71948677267) Importer(815301076,1909f56bfc062723c751e8b465ee728b)  -> (artifact id: '3aabc9cbbace9b0db1e458db9de494eb') in 0.011281 seconds
  Import took 0.018068 seconds .

========================================================================
Received Import Request.
  Time since last request: 8.867928 seconds.
  path: Assets/Prefabs/UI/Game/GameDate.prefab
  artifactKey: Guid(10f377b49c9a6b94fad8d71948677267) Importer(815301076,1909f56bfc062723c751e8b465ee728b)
Start importing Assets/Prefabs/UI/Game/GameDate.prefab using Guid(10f377b49c9a6b94fad8d71948677267) Importer(815301076,1909f56bfc062723c751e8b465ee728b)  -> (artifact id: '701fa32837779fffe1b363dfef2680b3') in 0.011756 seconds
  Import took 0.018567 seconds .

========================================================================
Received Import Request.
  Time since last request: 10.007135 seconds.
  path: Assets/Prefabs/UI/Game/GameDate.prefab
  artifactKey: Guid(10f377b49c9a6b94fad8d71948677267) Importer(815301076,1909f56bfc062723c751e8b465ee728b)
Start importing Assets/Prefabs/UI/Game/GameDate.prefab using Guid(10f377b49c9a6b94fad8d71948677267) Importer(815301076,1909f56bfc062723c751e8b465ee728b)  -> (artifact id: '6431cf6bf02dabb347cf4833ef4d8e64') in 0.011398 seconds
  Import took 0.018268 seconds .

========================================================================
Received Import Request.
  Time since last request: 10.590763 seconds.
  path: Assets/Prefabs/UI/Game/GameDate.prefab
  artifactKey: Guid(10f377b49c9a6b94fad8d71948677267) Importer(815301076,1909f56bfc062723c751e8b465ee728b)
Start importing Assets/Prefabs/UI/Game/GameDate.prefab using Guid(10f377b49c9a6b94fad8d71948677267) Importer(815301076,1909f56bfc062723c751e8b465ee728b)  -> (artifact id: '0b84cc438a6622d2500e6b393c88e8a1') in 0.011258 seconds
  Import took 0.018391 seconds .

========================================================================
Received Import Request.
  Time since last request: 11.530853 seconds.
  path: Assets/Prefabs/UI/Game/GameDate.prefab
  artifactKey: Guid(10f377b49c9a6b94fad8d71948677267) Importer(815301076,1909f56bfc062723c751e8b465ee728b)
Start importing Assets/Prefabs/UI/Game/GameDate.prefab using Guid(10f377b49c9a6b94fad8d71948677267) Importer(815301076,1909f56bfc062723c751e8b465ee728b)  -> (artifact id: '6f04e1774474baae64d6a81919b9017b') in 0.011661 seconds
  Import took 0.018651 seconds .

========================================================================
Received Prepare
Shader 'Universal Render Pipeline/Particles/Lit': fallback shader 'Universal Render Pipeline/Particles/SimpleLit' not found
Refreshing native plugins compatible for Editor in 10.02 ms, found 5 plugins.
Preloading 0 native plugins for Editor in 0.00 ms.
Unloading 42 Unused Serialized files (Serialized files now loaded: 0)
System memory in use before: 90.4 MB.
System memory in use after: 90.7 MB.

Unloading 42 unused Assets to reduce memory usage. Loaded Objects now: 4869.
Total: 3.566400 ms (FindLiveObjects: 0.474800 ms CreateObjectMapping: 0.271300 ms MarkObjects: 2.783300 ms  DeleteObjects: 0.036500 ms)

