Using pre-set license
Built from '2020.2/china_unity/release' branch; Version is '2020.2.3f1c1 (0868e01cc8b5) revision 551136'; Using compiler version '192528614'; Build Type 'Release'
OS: 'Windows 10 Education; OS build 19041.804; Version 2004; 64bit' Language: 'zh' Physical Memory: 16322 MB
BatchMode: 1, IsHumanControllingUs: 0, StartBugReporterOnCrash: 0, Is64bit: 1, IsPro: 0

 COMMAND LINE ARGUMENTS:
C:\Program Files\Unity\Hub\Editor\2020.2.3f1c1\Editor\Unity.exe
-adb2
-batchMode
-noUpm
-name
AssetImportWorker0
-projectPath
D:/UnityProjects/IL/IL
-logFile
Logs/AssetImportWorker0.log
-srvPort
64124
Successfully changed project path to: D:/UnityProjects/IL/IL
D:/UnityProjects/IL/IL
Using Asset Import Pipeline V2.
Refreshing native plugins compatible for Editor in 90.34 ms, found 5 plugins.
Preloading 0 native plugins for Editor in 0.00 ms.
Initialize engine version: 2020.2.3f1c1 (0868e01cc8b5)
[Subsystems] Discovering subsystems at path C:/Program Files/Unity/Hub/Editor/2020.2.3f1c1/Editor/Data/Resources/UnitySubsystems
[Subsystems] Discovering subsystems at path D:/UnityProjects/IL/IL/Assets
GfxDevice: creating device client; threaded=0
Direct3D:
    Version:  Direct3D 11.0 [level 11.1]
    Renderer: NVIDIA GeForce GTX 1660 SUPER (ID=0x21c4)
    Vendor:   
    VRAM:     5991 MB
    Driver:   27.21.14.5671
Shader 'Universal Render Pipeline/Particles/Lit': fallback shader 'Universal Render Pipeline/Particles/SimpleLit' not found
Initialize mono
Mono path[0] = 'C:/Program Files/Unity/Hub/Editor/2020.2.3f1c1/Editor/Data/Managed'
Mono path[1] = 'C:/Program Files/Unity/Hub/Editor/2020.2.3f1c1/Editor/Data/MonoBleedingEdge/lib/mono/unityjit'
Mono config path = 'C:/Program Files/Unity/Hub/Editor/2020.2.3f1c1/Editor/Data/MonoBleedingEdge/etc'
Using monoOptions --debugger-agent=transport=dt_socket,embedding=1,server=y,suspend=n,address=127.0.0.1:56064
Begin MonoManager ReloadAssembly
Registering precompiled unity dll's ...
Register platform support module: C:/Program Files/Unity/Hub/Editor/2020.2.3f1c1/Editor/Data/PlaybackEngines/WindowsStandaloneSupport/UnityEditor.WindowsStandalone.Extensions.dll
Registered in 0.002037 seconds.
Native extension for WindowsStandalone target not found
Refreshing native plugins compatible for Editor in 84.06 ms, found 5 plugins.
Preloading 0 native plugins for Editor in 0.00 ms.
Invoked RoslynAnalysisRunner static constructor.
RoslynAnalysisRunner will not be running.
RoslynAnalysisRunner has terminated.
Mono: successfully reloaded assembly
- Completed reload, in  0.840 seconds
Platform modules already initialized, skipping
Registering precompiled user dll's ...
Registered in 0.005955 seconds.
Begin MonoManager ReloadAssembly
Native extension for WindowsStandalone target not found
Refreshing native plugins compatible for Editor in 91.41 ms, found 5 plugins.
Preloading 0 native plugins for Editor in 0.00 ms.
Invoked RoslynAnalysisRunner static constructor.
RoslynAnalysisRunner will not be running.
RoslynAnalysisRunner has terminated.
Mono: successfully reloaded assembly
- Completed reload, in  1.036 seconds
Platform modules already initialized, skipping
========================================================================
Worker process is ready to serve import requests
Shader 'Universal Render Pipeline/Particles/Lit': fallback shader 'Universal Render Pipeline/Particles/SimpleLit' not found
Launched and connected shader compiler UnityShaderCompiler.exe after 0.04 seconds
Refreshing native plugins compatible for Editor in 0.98 ms, found 5 plugins.
Preloading 0 native plugins for Editor in 0.00 ms.
Unloading 4380 Unused Serialized files (Serialized files now loaded: 0)
System memory in use before: 181.6 MB.
System memory in use after: 181.8 MB.

Unloading 57 unused Assets to reduce memory usage. Loaded Objects now: 4798.
Total: 2.593900 ms (FindLiveObjects: 0.471700 ms CreateObjectMapping: 0.336000 ms MarkObjects: 1.715500 ms  DeleteObjects: 0.070000 ms)

========================================================================
Received Import Request.
  path: Assets/Prefabs/UI/Game/GameSetting.prefab
  artifactKey: Guid(24f15bc41171ec04cb0f6328f6934a41) Importer(815301076,1909f56bfc062723c751e8b465ee728b)
Start importing Assets/Prefabs/UI/Game/GameSetting.prefab using Guid(24f15bc41171ec04cb0f6328f6934a41) Importer(815301076,1909f56bfc062723c751e8b465ee728b)  -> (artifact id: '529f85f9f6946cd816b9c9e4b0deb185') in 0.091046 seconds
  Import took 0.097230 seconds .

========================================================================
Received Import Request.
  Time since last request: 0.000280 seconds.
  path: Assets/Prefabs/UI/Game/GameEquip.prefab
  artifactKey: Guid(fbe245d5e2055f940830c6d0bd1040c0) Importer(815301076,1909f56bfc062723c751e8b465ee728b)
Start importing Assets/Prefabs/UI/Game/GameEquip.prefab using Guid(fbe245d5e2055f940830c6d0bd1040c0) Importer(815301076,1909f56bfc062723c751e8b465ee728b)  -> (artifact id: '068ff743cfe3437fef18192461960c4a') in 0.054828 seconds
  Import took 0.060930 seconds .

========================================================================
Received Import Request.
  Time since last request: 0.000237 seconds.
  path: Assets/Prefabs/UI/Game/GameFavorability.prefab
  artifactKey: Guid(6679ad8d01a2db14aa42e1e9a857c1aa) Importer(815301076,1909f56bfc062723c751e8b465ee728b)
Start importing Assets/Prefabs/UI/Game/GameFavorability.prefab using Guid(6679ad8d01a2db14aa42e1e9a857c1aa) Importer(815301076,1909f56bfc062723c751e8b465ee728b)  -> (artifact id: 'da073bc50fb61ea474043b3c9decb6ad') in 0.015250 seconds
  Import took 0.021013 seconds .

========================================================================
Received Import Request.
  Time since last request: 0.000209 seconds.
  path: Assets/Prefabs/UI/Game/GameDate.prefab
  artifactKey: Guid(10f377b49c9a6b94fad8d71948677267) Importer(815301076,1909f56bfc062723c751e8b465ee728b)
Start importing Assets/Prefabs/UI/Game/GameDate.prefab using Guid(10f377b49c9a6b94fad8d71948677267) Importer(815301076,1909f56bfc062723c751e8b465ee728b)  -> (artifact id: 'e4947d7a1adbdb49febbdc94caeffb67') in 0.015110 seconds
  Import took 0.020703 seconds .

========================================================================
Received Import Request.
  Time since last request: 0.000240 seconds.
  path: Assets/Prefabs/UI/Game/GameStatistics.prefab
  artifactKey: Guid(2dc13eb8a98c7e14095683d6bef627fb) Importer(815301076,1909f56bfc062723c751e8b465ee728b)
Start importing Assets/Prefabs/UI/Game/GameStatistics.prefab using Guid(2dc13eb8a98c7e14095683d6bef627fb) Importer(815301076,1909f56bfc062723c751e8b465ee728b)  -> (artifact id: '51b85ea28b49672066764d1172e4945e') in 0.034346 seconds
  Import took 0.040206 seconds .

========================================================================
Received Import Request.
  Time since last request: 0.000192 seconds.
  path: Assets/Prefabs/UI/Game/GameHelp.prefab
  artifactKey: Guid(a5ecc6abe7423a241bb0651f803daae5) Importer(815301076,1909f56bfc062723c751e8b465ee728b)
Start importing Assets/Prefabs/UI/Game/GameHelp.prefab using Guid(a5ecc6abe7423a241bb0651f803daae5) Importer(815301076,1909f56bfc062723c751e8b465ee728b)  -> (artifact id: '097ebb4b170bf83ac44dfd03969b277c') in 0.042107 seconds
  Import took 0.048429 seconds .

========================================================================
Received Import Request.
  Time since last request: 0.000201 seconds.
  path: Assets/Prefabs/UI/Game/GameFamily.prefab
  artifactKey: Guid(e83805b0765bc72429f9b4cd72faeef4) Importer(815301076,1909f56bfc062723c751e8b465ee728b)
Start importing Assets/Prefabs/UI/Game/GameFamily.prefab using Guid(e83805b0765bc72429f9b4cd72faeef4) Importer(815301076,1909f56bfc062723c751e8b465ee728b)  -> (artifact id: '0dcc5ccda7cef807a03795a366cc6a9b') in 0.011751 seconds
  Import took 0.017498 seconds .

========================================================================
Received Import Request.
  Time since last request: 0.000223 seconds.
  path: Assets/Prefabs/UI/Game/GameMenu.prefab
  artifactKey: Guid(54879e323a2a32542b98a4756d4814b8) Importer(815301076,1909f56bfc062723c751e8b465ee728b)
Start importing Assets/Prefabs/UI/Game/GameMenu.prefab using Guid(54879e323a2a32542b98a4756d4814b8) Importer(815301076,1909f56bfc062723c751e8b465ee728b)  -> (artifact id: '23b0440f2e896f0da6e9f18d66b6fdb2') in 0.022908 seconds
  Import took 0.030083 seconds .

========================================================================
Received Import Request.
  Time since last request: 0.000271 seconds.
  path: Assets/Prefabs/UI/Game/GameSettle.prefab
  artifactKey: Guid(afe8614d307f4d74bb2c156c0a1c795e) Importer(815301076,1909f56bfc062723c751e8b465ee728b)
Start importing Assets/Prefabs/UI/Game/GameSettle.prefab using Guid(afe8614d307f4d74bb2c156c0a1c795e) Importer(815301076,1909f56bfc062723c751e8b465ee728b)  -> (artifact id: 'abe6337c71cec43e3e4219670bee311d') in 0.011281 seconds
  Import took 0.016951 seconds .

========================================================================
Received Prepare
Registering precompiled user dll's ...
Registered in 0.005459 seconds.
Begin MonoManager ReloadAssembly
Native extension for WindowsStandalone target not found
Refreshing native plugins compatible for Editor in 1.01 ms, found 5 plugins.
Preloading 0 native plugins for Editor in 0.00 ms.
Invoked RoslynAnalysisRunner static constructor.
RoslynAnalysisRunner will not be running.
RoslynAnalysisRunner has terminated.
Mono: successfully reloaded assembly
- Completed reload, in  0.915 seconds
Platform modules already initialized, skipping
Shader 'Universal Render Pipeline/Particles/Lit': fallback shader 'Universal Render Pipeline/Particles/SimpleLit' not found
Refreshing native plugins compatible for Editor in 1.00 ms, found 5 plugins.
Preloading 0 native plugins for Editor in 0.00 ms.
Unloading 4217 Unused Serialized files (Serialized files now loaded: 0)
System memory in use before: 172.2 MB.
System memory in use after: 172.4 MB.

Unloading 50 unused Assets to reduce memory usage. Loaded Objects now: 4802.
Total: 2.179700 ms (FindLiveObjects: 0.349400 ms CreateObjectMapping: 0.232200 ms MarkObjects: 1.565500 ms  DeleteObjects: 0.031500 ms)

========================================================================
Received Import Request.
  Time since last request: 913.536500 seconds.
  path: Assets/Scrpit/Component/Builder/Gamble
  artifactKey: Guid(4ba2527bd05c1584fa797a21043509e4) Importer(815301076,1909f56bfc062723c751e8b465ee728b)
Start importing Assets/Scrpit/Component/Builder/Gamble using Guid(4ba2527bd05c1584fa797a21043509e4) Importer(815301076,1909f56bfc062723c751e8b465ee728b)  -> (artifact id: '910b3cf8596a8b46c7b55caaf4793dac') in 0.007919 seconds
  Import took 0.013876 seconds .

========================================================================
Received Prepare
Registering precompiled user dll's ...
Registered in 0.005475 seconds.
Begin MonoManager ReloadAssembly
Native extension for WindowsStandalone target not found
Refreshing native plugins compatible for Editor in 1.03 ms, found 5 plugins.
Preloading 0 native plugins for Editor in 0.00 ms.
Invoked RoslynAnalysisRunner static constructor.
RoslynAnalysisRunner will not be running.
RoslynAnalysisRunner has terminated.
Mono: successfully reloaded assembly
- Completed reload, in  0.912 seconds
Platform modules already initialized, skipping
Shader 'Universal Render Pipeline/Particles/Lit': fallback shader 'Universal Render Pipeline/Particles/SimpleLit' not found
Refreshing native plugins compatible for Editor in 1.00 ms, found 5 plugins.
Preloading 0 native plugins for Editor in 0.00 ms.
Unloading 4217 Unused Serialized files (Serialized files now loaded: 0)
System memory in use before: 172.3 MB.
System memory in use after: 172.5 MB.

Unloading 46 unused Assets to reduce memory usage. Loaded Objects now: 4804.
Total: 2.382200 ms (FindLiveObjects: 0.425200 ms CreateObjectMapping: 0.271300 ms MarkObjects: 1.660400 ms  DeleteObjects: 0.024000 ms)

========================================================================
Received Import Request.
  Time since last request: 1906.812614 seconds.
  path: Assets/Prefabs/UI/Dialog/FindCharacter.prefab
  artifactKey: Guid(665e0825718d82e448d5389b816d2a64) Importer(815301076,1909f56bfc062723c751e8b465ee728b)
Start importing Assets/Prefabs/UI/Dialog/FindCharacter.prefab using Guid(665e0825718d82e448d5389b816d2a64) Importer(815301076,1909f56bfc062723c751e8b465ee728b)  -> (artifact id: 'cdee2d99e4d627f29e06c548a4308e81') in 0.042694 seconds
  Import took 0.048510 seconds .

========================================================================
Received Import Request.
  Time since last request: 0.000297 seconds.
  path: Assets/Prefabs/UI/Dialog/Normal.prefab
  artifactKey: Guid(a9ec67fcc7b2ad343a9fce7bbb8e5d94) Importer(815301076,1909f56bfc062723c751e8b465ee728b)
Start importing Assets/Prefabs/UI/Dialog/Normal.prefab using Guid(a9ec67fcc7b2ad343a9fce7bbb8e5d94) Importer(815301076,1909f56bfc062723c751e8b465ee728b)  -> (artifact id: 'e1c6f65b3871f094f539af4730f7b7d5') in 0.006833 seconds
  Import took 0.012056 seconds .

========================================================================
Received Import Request.
  Time since last request: 0.000252 seconds.
  path: Assets/Prefabs/UI/Dialog/PickForItems.prefab
  artifactKey: Guid(cb7a92d8d4e07d54a8caaf6ba09b4846) Importer(815301076,1909f56bfc062723c751e8b465ee728b)
Start importing Assets/Prefabs/UI/Dialog/PickForItems.prefab using Guid(cb7a92d8d4e07d54a8caaf6ba09b4846) Importer(815301076,1909f56bfc062723c751e8b465ee728b)  -> (artifact id: '2558bf97d672feb4f7d23f6659d9646b') in 0.018368 seconds
  Import took 0.023904 seconds .

========================================================================
Received Import Request.
  Time since last request: 0.000201 seconds.
  path: Assets/Prefabs/UI/Dialog/InputText.prefab
  artifactKey: Guid(f629fafd0ec0a284fae41299a214f53b) Importer(815301076,1909f56bfc062723c751e8b465ee728b)
Start importing Assets/Prefabs/UI/Dialog/InputText.prefab using Guid(f629fafd0ec0a284fae41299a214f53b) Importer(815301076,1909f56bfc062723c751e8b465ee728b)  -> (artifact id: 'c206d9461e5e41c0619d334721f06147') in 0.011050 seconds
  Import took 0.016597 seconds .

========================================================================
Received Import Request.
  Time since last request: 0.008937 seconds.
  path: Assets/Prefabs/UI/Dialog/PickForItems.prefab
  artifactKey: Guid(cb7a92d8d4e07d54a8caaf6ba09b4846) Importer(815301076,1909f56bfc062723c751e8b465ee728b)
Start importing Assets/Prefabs/UI/Dialog/PickForItems.prefab using Guid(cb7a92d8d4e07d54a8caaf6ba09b4846) Importer(815301076,1909f56bfc062723c751e8b465ee728b)  -> (artifact id: '2558bf97d672feb4f7d23f6659d9646b') in 0.009607 seconds
  Import took 0.015333 seconds .

========================================================================
Received Import Request.
  Time since last request: 10.909740 seconds.
  path: Assets/Prefabs/UI/Dialog/PickForItems.prefab
  artifactKey: Guid(cb7a92d8d4e07d54a8caaf6ba09b4846) Importer(815301076,1909f56bfc062723c751e8b465ee728b)
Start importing Assets/Prefabs/UI/Dialog/PickForItems.prefab using Guid(cb7a92d8d4e07d54a8caaf6ba09b4846) Importer(815301076,1909f56bfc062723c751e8b465ee728b)  -> (artifact id: '014219d0d5e0e6903d19ff97dd8cffde') in 0.012065 seconds
  Import took 0.017851 seconds .

========================================================================
Received Import Request.
  Time since last request: 14.895901 seconds.
  path: Assets/Prefabs/UI/Dialog/PickForItems.prefab
  artifactKey: Guid(cb7a92d8d4e07d54a8caaf6ba09b4846) Importer(815301076,1909f56bfc062723c751e8b465ee728b)
Start importing Assets/Prefabs/UI/Dialog/PickForItems.prefab using Guid(cb7a92d8d4e07d54a8caaf6ba09b4846) Importer(815301076,1909f56bfc062723c751e8b465ee728b)  -> (artifact id: 'e47d24a28c2697eb0be6b4cbd23ccf4d') in 0.011243 seconds
  Import took 0.017480 seconds .

========================================================================
Received Prepare
Registering precompiled user dll's ...
Registered in 0.005477 seconds.
Begin MonoManager ReloadAssembly
Native extension for WindowsStandalone target not found
Refreshing native plugins compatible for Editor in 1.02 ms, found 5 plugins.
Preloading 0 native plugins for Editor in 0.00 ms.
Invoked RoslynAnalysisRunner static constructor.
RoslynAnalysisRunner will not be running.
RoslynAnalysisRunner has terminated.
Mono: successfully reloaded assembly
- Completed reload, in  0.905 seconds
Platform modules already initialized, skipping
Shader 'Universal Render Pipeline/Particles/Lit': fallback shader 'Universal Render Pipeline/Particles/SimpleLit' not found
Refreshing native plugins compatible for Editor in 1.02 ms, found 5 plugins.
Preloading 0 native plugins for Editor in 0.00 ms.
Unloading 4217 Unused Serialized files (Serialized files now loaded: 0)
System memory in use before: 172.3 MB.
System memory in use after: 172.6 MB.

Unloading 48 unused Assets to reduce memory usage. Loaded Objects now: 4806.
Total: 2.804600 ms (FindLiveObjects: 0.597400 ms CreateObjectMapping: 0.300000 ms MarkObjects: 1.878100 ms  DeleteObjects: 0.028200 ms)

========================================================================
Received Import Request.
  Time since last request: 460.770930 seconds.
  path: Assets/Prefabs/UI/Game
  artifactKey: Guid(023939cfe5266b5408d6030a5c428cff) Importer(815301076,1909f56bfc062723c751e8b465ee728b)
Start importing Assets/Prefabs/UI/Game using Guid(023939cfe5266b5408d6030a5c428cff) Importer(815301076,1909f56bfc062723c751e8b465ee728b)  -> (artifact id: 'ae499f052c143cfd18b6b2f75d656bf4') in 0.005938 seconds
  Import took 0.011474 seconds .

========================================================================
Received Import Request.
  Time since last request: 0.000568 seconds.
  path: Assets/Prefabs/UI/Game
  artifactKey: Guid(023939cfe5266b5408d6030a5c428cff) Importer(815301076,1909f56bfc062723c751e8b465ee728b)
Start importing Assets/Prefabs/UI/Game using Guid(023939cfe5266b5408d6030a5c428cff) Importer(815301076,1909f56bfc062723c751e8b465ee728b)  -> (artifact id: 'ae499f052c143cfd18b6b2f75d656bf4') in 0.001872 seconds
  Import took 0.006761 seconds .

========================================================================
Received Import Request.
  Time since last request: 0.030855 seconds.
  path: Assets/Prefabs/UI/Game/GameEquip.prefab
  artifactKey: Guid(fbe245d5e2055f940830c6d0bd1040c0) Importer(815301076,1909f56bfc062723c751e8b465ee728b)
Start importing Assets/Prefabs/UI/Game/GameEquip.prefab using Guid(fbe245d5e2055f940830c6d0bd1040c0) Importer(815301076,1909f56bfc062723c751e8b465ee728b)  -> (artifact id: '763e254849099d6af3e1a996ffafde44') in 0.073501 seconds
  Import took 0.079884 seconds .

========================================================================
Received Import Request.
  Time since last request: 0.000236 seconds.
  path: Assets/Prefabs/UI/Game/GameFavorability.prefab
  artifactKey: Guid(6679ad8d01a2db14aa42e1e9a857c1aa) Importer(815301076,1909f56bfc062723c751e8b465ee728b)
Start importing Assets/Prefabs/UI/Game/GameFavorability.prefab using Guid(6679ad8d01a2db14aa42e1e9a857c1aa) Importer(815301076,1909f56bfc062723c751e8b465ee728b)  -> (artifact id: 'caccabef2747d071fb32f1adc149e54c') in 0.012912 seconds
  Import took 0.018622 seconds .

========================================================================
Received Import Request.
  Time since last request: 20.829383 seconds.
  path: Assets/Prefabs/UI/Game/GameFavorability.prefab
  artifactKey: Guid(6679ad8d01a2db14aa42e1e9a857c1aa) Importer(815301076,1909f56bfc062723c751e8b465ee728b)
Start importing Assets/Prefabs/UI/Game/GameFavorability.prefab using Guid(6679ad8d01a2db14aa42e1e9a857c1aa) Importer(815301076,1909f56bfc062723c751e8b465ee728b)  -> (artifact id: 'c0bbc43b69f0d2509b59c76e66c90fbc') in 0.011961 seconds
  Import took 0.017736 seconds .

========================================================================
Received Import Request.
  Time since last request: 98.048405 seconds.
  path: Assets/Prefabs/UI/Game/GameFavorability.prefab
  artifactKey: Guid(6679ad8d01a2db14aa42e1e9a857c1aa) Importer(815301076,1909f56bfc062723c751e8b465ee728b)
Start importing Assets/Prefabs/UI/Game/GameFavorability.prefab using Guid(6679ad8d01a2db14aa42e1e9a857c1aa) Importer(815301076,1909f56bfc062723c751e8b465ee728b)  -> (artifact id: '73bbe64460a9d644fa730cba94c790d9') in 0.013277 seconds
  Import took 0.020049 seconds .

========================================================================
Received Import Request.
  Time since last request: 9.760857 seconds.
  path: Assets/Prefabs/UI/Game/GameFavorability.prefab
  artifactKey: Guid(6679ad8d01a2db14aa42e1e9a857c1aa) Importer(815301076,1909f56bfc062723c751e8b465ee728b)
Start importing Assets/Prefabs/UI/Game/GameFavorability.prefab using Guid(6679ad8d01a2db14aa42e1e9a857c1aa) Importer(815301076,1909f56bfc062723c751e8b465ee728b)  -> (artifact id: 'fcd629560799dcc1f4e28af13d854ecf') in 0.012001 seconds
  Import took 0.017821 seconds .

========================================================================
Received Import Request.
  Time since last request: 9.069744 seconds.
  path: Assets/Prefabs/UI/Game/GameFavorability.prefab
  artifactKey: Guid(6679ad8d01a2db14aa42e1e9a857c1aa) Importer(815301076,1909f56bfc062723c751e8b465ee728b)
Start importing Assets/Prefabs/UI/Game/GameFavorability.prefab using Guid(6679ad8d01a2db14aa42e1e9a857c1aa) Importer(815301076,1909f56bfc062723c751e8b465ee728b)  -> (artifact id: '1b30d1c344eed91452f6d0bb03cbb66b') in 0.011612 seconds
  Import took 0.017329 seconds .

========================================================================
Received Import Request.
  Time since last request: 25.626857 seconds.
  path: Assets/Prefabs/UI/Game/GameFavorability.prefab
  artifactKey: Guid(6679ad8d01a2db14aa42e1e9a857c1aa) Importer(815301076,1909f56bfc062723c751e8b465ee728b)
Start importing Assets/Prefabs/UI/Game/GameFavorability.prefab using Guid(6679ad8d01a2db14aa42e1e9a857c1aa) Importer(815301076,1909f56bfc062723c751e8b465ee728b)  -> (artifact id: '8cdb11fa843809c8029bbd28f67bea16') in 0.011843 seconds
  Import took 0.017642 seconds .

========================================================================
Received Import Request.
  Time since last request: 26.638914 seconds.
  path: Assets/Prefabs/UI/Game/GameFavorability.prefab
  artifactKey: Guid(6679ad8d01a2db14aa42e1e9a857c1aa) Importer(815301076,1909f56bfc062723c751e8b465ee728b)
Start importing Assets/Prefabs/UI/Game/GameFavorability.prefab using Guid(6679ad8d01a2db14aa42e1e9a857c1aa) Importer(815301076,1909f56bfc062723c751e8b465ee728b)  -> (artifact id: 'e4d7cdf197ebcc8d7d0f381adc0d86f4') in 0.011706 seconds
  Import took 0.017356 seconds .

AssetImportWorkerClient::OnTransportError - code=2 error=End of file
