
=== Tue Apr  2 23:25:19 2019

Packages were changed.
Update Mode: updateDependencies

The following packages were added:
  com.unity.timeline@1.0.0
  com.unity.modules.androidjni@1.0.0
  com.unity.multiplayer-hlapi@1.0.1
  com.unity.xr.legacyinputhelpers@1.0.0
The following packages were updated:
  com.unity.collab-proxy from version 1.2.15 to 1.2.16
  com.unity.package-manager-ui from version 2.0.3 to 2.2.0
  com.unity.purchasing from version 2.0.3 to 2.0.6

=== Sat Apr 20 18:47:09 2019

Packages were changed.
Update Mode: updateDependencies

The following packages were added:
  com.unity.timeline@1.0.0
  com.unity.multiplayer-hlapi@1.0.2
  com.unity.xr.legacyinputhelpers@2.0.2
The following packages were updated:
  com.unity.analytics from version 3.2.2 to 3.3.2
  com.unity.collab-proxy from version 1.2.15 to 1.2.16
  com.unity.package-manager-ui from version 2.0.3 to 2.1.2
  com.unity.purchasing from version 2.0.3 to 2.0.6
  com.unity.textmeshpro from version 1.3.0 to 2.0.0

=== Thu Aug  8 01:29:42 2019

Packages were changed.
Update Mode: updateDependencies

The following packages were added:
  com.unity.2d.tilemap@1.0.0
  com.unity.ext.nunit@1.0.0
  com.unity.test-framework@1.0.13
  com.unity.2d.sprite@1.0.0
  com.unity.ide.vscode@1.0.7
  com.unity.ide.rider@1.0.8
  com.unity.ugui@1.0.0
  com.unity.modules.androidjni@1.0.0
  com.unity.multiplayer-hlapi@1.0.2
  com.unity.xr.legacyinputhelpers@2.0.2
The following packages were updated:
  com.unity.cinemachine from version 2.2.8 to 2.3.3
  com.unity.timeline from version 1.0.0 to 1.1.0

=== Thu Aug  8 17:44:08 2019

Packages were changed.
Update Mode: updateDependencies

The following packages were updated:
  com.unity.multiplayer-hlapi from version 1.0.2 to 1.0.4
  com.unity.test-framework from version 1.0.13 to 1.0.17
  com.unity.xr.legacyinputhelpers from version 2.0.2 to 2.0.4

=== Fri Aug 30 01:28:07 2019

Packages were changed.
Update Mode: updateDependencies

The following packages were updated:
  com.unity.ide.rider from version 1.0.8 to 1.1.0
  com.unity.ide.vscode from version 1.0.7 to 1.1.0

=== Fri Sep 13 01:39:58 2019

Packages were changed.
Update Mode: updateDependencies

The following packages were updated:
  com.unity.test-framework from version 1.0.18 to 1.1.1
  com.unity.timeline from version 1.1.0 to 1.2.1

=== Thu Oct 10 19:21:01 2019

Packages were changed.
Update Mode: updateDependencies

The following packages were updated:
  com.unity.render-pipelines.lightweight from version 7.0.1 to 7.1.1
  com.unity.test-framework from version 1.1.1 to 1.1.2

=== Mon Nov  4 01:29:59 2019

Packages were changed.
Update Mode: updateDependencies

The following packages were updated:
  com.unity.test-framework from version 1.1.2 to 1.1.3
  com.unity.timeline from version 1.2.2 to 1.2.4

=== Tue Dec 10 17:31:00 2019

Packages were changed.
Update Mode: updateDependencies

The following packages were updated:
  com.unity.postprocessing from version 2.1.7 to 2.2.1
  com.unity.render-pipelines.lightweight from version 7.1.2 to 7.1.5

=== Tue Jan 14 19:59:05 2020

Packages were changed.
Update Mode: updateDependencies

The following packages were updated:
  com.unity.ide.rider from version 1.1.1 to 1.1.4
  com.unity.postprocessing from version 2.2.1 to 2.2.2
  com.unity.render-pipelines.lightweight from version 7.1.5 to 7.1.6

=== Wed Jan 29 20:38:40 2020

Packages were changed.
Update Mode: updateDependencies

The following packages were updated:
  com.unity.ide.vscode from version 1.1.3 to 1.1.4
  com.unity.postprocessing from version 2.2.2 to 2.3.0
  com.unity.render-pipelines.lightweight from version 7.1.6 to 7.1.8
  com.unity.test-framework from version 1.1.5 to 1.1.9
  com.unity.timeline from version 1.2.6 to 1.2.10

=== Sun Feb 23 02:42:40 2020

Packages were changed.
Update Mode: updateDependencies

The following packages were updated:
  com.unity.test-framework from version 1.1.9 to 1.1.11

=== Thu Feb 27 21:19:59 2020

Packages were changed.
Update Mode: updateDependencies

The following packages were updated:
  com.unity.timeline from version 1.2.10 to 1.2.12

=== Fri May  8 22:44:51 2020

Packages were changed.
Update Mode: updateDependencies

The following packages were updated:
  com.unity.ads from version 2.0.8 to 3.4.4
  com.unity.ide.vscode from version 1.1.4 to 1.2.0
  com.unity.render-pipelines.lightweight from version 7.1.8 to 7.3.1
  com.unity.test-framework from version 1.1.11 to 1.1.13
  com.unity.xr.legacyinputhelpers from version 2.0.6 to 2.1.3

=== Sat May 30 19:30:38 2020

Packages were changed.
Update Mode: updateDependencies

The following packages were updated:
  com.unity.ads from version 3.4.4 to 3.4.5
  com.unity.test-framework from version 1.1.13 to 1.1.14
  com.unity.xr.legacyinputhelpers from version 2.1.3 to 2.1.4

=== Tue Jun  9 20:33:02 2020

Packages were changed.
Update Mode: updateDependencies

The following packages were updated:
  com.unity.multiplayer-hlapi from version 1.0.4 to 1.0.6

=== Wed Jun 24 20:55:55 2020

Packages were changed.
Update Mode: updateDependencies

The following packages were updated:
  com.unity.ide.vscode from version 1.2.0 to 1.2.1

=== Sat Jul 11 21:10:02 2020

Packages were changed.
Update Mode: updateDependencies

The following packages were updated:
  com.unity.ads from version 3.4.5 to 3.4.7

=== Tue Aug 18 21:01:35 2020

Packages were changed.
Update Mode: updateDependencies

The following packages were updated:
  com.unity.test-framework from version 1.1.14 to 1.1.16

=== Fri Oct 23 18:06:51 2020

Packages were changed.
Update Mode: updateDependencies

The following packages were updated:
  com.unity.ide.vscode from version 1.2.1 to 1.2.2
  com.unity.purchasing from version 2.1.0 to 2.1.1
  com.unity.test-framework from version 1.1.16 to 1.1.18

=== Wed Nov 25 23:58:34 2020

Packages were changed.
Update Mode: updateDependencies

The following packages were updated:
  com.unity.ads from version 3.4.9 to 3.5.0
  com.unity.ide.vscode from version 1.2.2 to 1.2.3

=== Sat Jan 16 19:24:55 2021

Packages were changed.
Update Mode: updateDependencies

The following packages were updated:
  com.unity.ads from version 3.5.0 to 3.5.2
  com.unity.ext.nunit from version 1.0.0 to 1.0.6
  com.unity.purchasing from version 2.1.1 to 2.2.1
  com.unity.test-framework from version 1.1.18 to 1.1.20
  com.unity.xr.legacyinputhelpers from version 2.1.4 to 2.1.7

=== Thu Feb 11 15:05:55 2021

Packages were changed.
Update Mode: updateDependencies

The following packages were added:
  com.unity.ide.visualstudio@2.0.5
The following packages were updated:
  com.unity.ads from version 3.5.2 to 3.6.1
  com.unity.render-pipelines.lightweight from version 7.5.3 to 10.2.2
  com.unity.render-pipelines.universal from version 7.5.3 to 10.2.2
  com.unity.textmeshpro from version 2.1.3 to 3.0.1
